<?xml version="1.0" encoding="UTF-8" ?>
<testsuites>
<testsuite name="SimpleHash" errors="0" tests="1" failures="0" time="0.001" timestamp="2013-04-04T02:16:33">
  <testcase classname="SimpleHash" name="throws if no width given" time="0"></testcase>
</testsuite>
<testsuite name="SimpleHash.flush" errors="0" tests="2" failures="0" time="0" timestamp="2013-04-04T02:16:33">
  <testcase classname="SimpleHash.flush" name="clears cycles" time="0"></testcase>
  <testcase classname="SimpleHash.flush" name="clears buckets" time="0"></testcase>
</testsuite>
<testsuite name="SimpleHash.add" errors="0" tests="4" failures="0" time="0.001" timestamp="2013-04-04T02:16:33">
  <testcase classname="SimpleHash.add" name="counts pawn (x:63) in bucket 0" time="0"></testcase>
  <testcase classname="SimpleHash.add" name="counts pawn (x:92) in bucket 1" time="0"></testcase>
  <testcase classname="SimpleHash.add" name="doesnt count out-of-bounds pawn (x towards +Infinity)" time="0"></testcase>
  <testcase classname="SimpleHash.add" name="doesnt count out-of-bounds pawn (x&lt;0)" time="0.001"></testcase>
</testsuite>
<testsuite name="SimpleHash.getModeBucket" errors="0" tests="1" failures="0" time="0" timestamp="2013-04-04T02:16:33">
  <testcase classname="SimpleHash.getModeBucket" name="gets the bucket with the highest event count" time="0"></testcase>
</testsuite>
</testsuites>