<?xml version="1.0" encoding="UTF-8" ?>
<testsuites>
<testsuite name="XHash" errors="0" tests="1" failures="0" time="0.002" timestamp="2013-04-04T02:16:33">
  <testcase classname="XHash" name="throws if no width is given" time="0"></testcase>
</testsuite>
<testsuite name="XHash.flush" errors="0" tests="1" failures="0" time="0" timestamp="2013-04-04T02:16:33">
  <testcase classname="XHash.flush" name="clears buckets" time="0"></testcase>
</testsuite>
<testsuite name="XHash.add" errors="0" tests="2" failures="0" time="0.001" timestamp="2013-04-04T02:16:33">
  <testcase classname="XHash.add" name="puts pawns correctly in their buckets" time="0"></testcase>
  <testcase classname="XHash.add" name="does nothing if a pawn is out of bounds" time="0.001"></testcase>
</testsuite>
<testsuite name="XHash.getNBucketsByCoord" errors="0" tests="2" failures="0" time="0" timestamp="2013-04-04T02:16:33">
  <testcase classname="XHash.getNBucketsByCoord" name="fetches the correct buckets" time="0"></testcase>
  <testcase classname="XHash.getNBucketsByCoord" name="fetches only from direction onwards if ray is defined" time="0"></testcase>
</testsuite>
<testsuite name="XHash.getNearestEnemy" errors="0" tests="1" failures="0" time="0" timestamp="2013-04-04T02:16:33">
  <testcase classname="XHash.getNearestEnemy" name="gets enemies that are alive" time="0"></testcase>
</testsuite>
<testsuite name="XHash.getCrowdedEnemy" errors="0" tests="1" failures="0" time="0" timestamp="2013-04-04T02:16:33">
  <testcase classname="XHash.getCrowdedEnemy" name="gets the last enemy of the bucket which contains the most enemies" time="0"></testcase>
</testsuite>
</testsuites>